2016-11-02 15:16:15,226 - os.name - Windows 10
2016-11-02 15:16:15,226 - os.arch - amd64
2016-11-02 15:16:15,226 - os.version - 10.0
2016-11-02 15:16:15,226 - java.version - 1.8.0_101
2016-11-02 15:16:15,226 - java.vendor - Oracle Corporation
2016-11-02 15:16:15,226 - java.vendor.url - http://java.oracle.com/
2016-11-02 15:16:15,226 - java.home - C:\Program Files\Java\jre1.8.0_101
2016-11-02 15:16:15,226 - java.vm.specification.name - Java Virtual Machine Specification
2016-11-02 15:16:15,226 - java.vm.specification.vendor - Oracle Corporation
2016-11-02 15:16:15,226 - java.vm.specification.version - 1.8
2016-11-02 15:16:15,226 - java.class.path - D:\eclipse\\plugins/org.eclipse.equinox.launcher_1.3.200.v20160318-1642.jar
2016-11-02 15:16:15,226 - java.library.path - D:\eclipse;C:\Windows\Sun\Java\bin;C:\Windows\system32;C:\Windows;C:/Program Files/Java/jre1.8.0_101/bin/server;C:/Program Files/Java/jre1.8.0_101/bin;C:/Program Files/Java/jre1.8.0_101/lib/amd64;C:\ProgramData\Oracle\Java\javapath;C:\Windows\system32;C:\Windows;C:\Windows\System32\Wbem;C:\Windows\System32\WindowsPowerShell\v1.0\;C:\Program Files\WIDCOMM\Bluetooth Software\;C:\Program Files\WIDCOMM\Bluetooth Software\syswow64;C:\Program Files (x86)\MySQL\MySQL Fabric 1.5 & MySQL Utilities 1.5\;C:\Program Files (x86)\MySQL\MySQL Fabric 1.5 & MySQL Utilities 1.5\Doctrine extensions for PHP\;D:\UE;C:\Windows\system32\config\systemprofile\.dnx\bin;C:\Program Files\Microsoft DNX\Dnvm\;C:\Program Files\Microsoft SQL Server\120\Tools\Binn\;C:\Program Files\Microsoft SQL Server\130\Tools\Binn\;C:\Program Files (x86)\Windows Kits\10\Windows Performance Toolkit\;C:\Users\shaom\AppData\Local\Microsoft\WindowsApps;D:\eclipse;;.
2016-11-02 15:16:15,226 - --------------------------------------
2016-11-02 15:16:15,226 - ## Eclipse Plug-ins Log Information ##
2016-11-02 15:16:15,226 - --------------------------------------
2016-11-02 15:16:15,257 - javax.el - 2.2.0.v201303151357
2016-11-02 15:16:15,257 - javax.servlet - 3.1.0.v201410161800
2016-11-02 15:16:15,272 - javax.servlet.jsp - 2.2.0.v201112011158
2016-11-02 15:16:15,272 - com.sun.el - 2.2.0.v201303151357
2016-11-02 15:16:15,272 - org.apache.commons.logging - 1.1.1.v201101211721
2016-11-02 15:16:15,272 - org.apache.jasper.glassfish - 2.2.2.v201501141630
2016-11-02 15:16:15,291 - org.apache.lucene.analysis - 3.5.0.v20120725-1805
2016-11-02 15:16:15,295 - org.apache.lucene.core - 3.5.0.v20120725-1805
2016-11-02 15:16:15,341 - org.eclipse.equinox.http.jetty - 3.3.0.v20160324-1850
2016-11-02 15:16:15,435 - org.eclipse.equinox.http.registry - 1.1.400.v20150715-1528
2016-11-02 15:16:15,439 - org.eclipse.equinox.http.servlet - 1.3.0.v20160517-1559
2016-11-02 15:16:15,500 - org.eclipse.equinox.jsp.jasper - 1.0.500.v20150119-1358
2016-11-02 15:16:15,521 - org.eclipse.equinox.jsp.jasper.registry - 1.0.300.v20130327-1442
2016-11-02 15:16:15,521 - org.eclipse.help.base - 4.1.0.v20160606-1100
2016-11-02 15:16:15,521 - org.eclipse.help.ui - 4.0.200.v20160510-0758
2016-11-02 15:16:15,521 - org.eclipse.help.webapp - 3.8.0.v20160504-0839
2016-11-02 15:16:15,567 - org.eclipse.jetty.continuation - 9.3.9.v20160517
2016-11-02 15:16:15,567 - org.eclipse.jetty.http - 9.3.9.v20160517
2016-11-02 15:16:15,567 - org.eclipse.jetty.io - 9.3.9.v20160517
2016-11-02 15:16:15,583 - org.eclipse.jetty.security - 9.3.9.v20160517
2016-11-02 15:16:15,583 - org.eclipse.jetty.server - 9.3.9.v20160517
2016-11-02 15:16:15,583 - org.eclipse.jetty.servlet - 9.3.9.v20160517
2016-11-02 15:16:15,600 - org.eclipse.jetty.util - 9.3.9.v20160517
2016-11-02 15:16:15,601 - org.eclipse.core.net - 1.3.0.v20160418-1534
2016-11-02 15:16:15,636 - org.eclipse.equinox.security - 1.2.200.v20150715-1528
2016-11-02 15:16:15,652 - org.eclipse.andmore.hierarchyviewer - 0.5.0.201605181018
2016-11-02 15:16:15,668 - org.eclipse.mylyn.bugzilla.core - 3.20.0.v20160425-1835
2016-11-02 15:16:15,668 - org.eclipse.mylyn.bugzilla.ui - 3.20.0.v20160425-1835
2016-11-02 15:16:15,705 - org.eclipse.sequoyah.device.backward - 2.1.0.N20120718-0509
2016-11-02 15:16:15,705 - org.eclipse.sequoyah.device.framework - 2.1.0.N20120718-0509
2016-11-02 15:16:15,705 - org.eclipse.sequoyah.device.framework.ui - 2.1.0.N20120718-0509
2016-11-02 15:16:15,783 - org.eclipse.sequoyah.device.service.start - 2.1.0.N20120718-0509
2016-11-02 15:16:15,852 - org.eclipse.sequoyah.device.service.stop - 2.1.0.N20120718-0509
2016-11-02 15:16:15,921 - org.eclipse.sequoyah.device.framework.wizard - 2.1.0.N20120718-0509
2016-11-02 15:16:15,937 - org.eclipse.buildship.core - 1.0.15.v20160425-1638
2016-11-02 15:16:15,937 - org.eclipse.buildship.ui - 1.0.15.v20160425-1638
2016-11-02 15:16:15,937 - org.eclipse.buildship.branding - 1.0.15.v20160425-1638
2016-11-02 15:16:15,984 - org.eclipse.buildship.stsmigration - 1.0.15.v20160425-1638
2016-11-02 15:16:15,984 - org.eclipse.mylyn.tasks.core - 3.20.0.v20160608-1838
2016-11-02 15:16:16,037 - org.eclipse.mylyn.tasks.index.core - 3.20.0.v20160425-1835
2016-11-02 15:16:16,106 - org.eclipse.mylyn.tasks.index.ui - 3.20.0.v20160425-1835
2016-11-02 15:16:16,106 - org.eclipse.mylyn.tasks.search - 3.20.0.v20160425-1835
2016-11-02 15:16:16,106 - org.eclipse.mylyn.tasks.ui - 3.20.0.v20160608-1838
2016-11-02 15:16:16,122 - org.eclipse.egit.core - 4.4.0.201606070830-r
2016-11-02 15:16:16,122 - org.eclipse.egit.ui - 4.4.0.201606070830-r
2016-11-02 15:16:16,122 - org.eclipse.egit - 4.4.0.201606070830-r
2016-11-02 15:16:16,122 - org.eclipse.egit.doc - 4.4.0.201606070830-r
2016-11-02 15:16:16,137 - org.eclipse.aether.maven - 3.1.0.v20140706-2237
2016-11-02 15:16:16,137 - org.eclipse.gef - 3.11.0.201606061308
2016-11-02 15:16:16,238 - org.eclipse.mylyn.commons.identity.core - 1.12.0.v20160421-1819
2016-11-02 15:16:16,253 - org.eclipse.oomph.p2 - 1.4.0.v20160426-0423
2016-11-02 15:16:16,253 - org.eclipse.oomph.p2.core - 1.4.0.v20160606-0856
2016-11-02 15:16:16,253 - org.eclipse.oomph.p2.edit - 1.4.0.v20160426-0423
2016-11-02 15:16:16,253 - org.eclipse.oomph.p2.ui - 1.4.0.v20160426-0423
2016-11-02 15:16:16,269 - org.eclipse.oomph.p2.doc - 1.4.0.v20160426-0423
2016-11-02 15:16:16,322 - org.eclipse.datatools.enablement.sqlite - 1.1.0.201603142002
2016-11-02 15:16:16,338 - org.eclipse.datatools.enablement.sqlite.dbdefinition - 1.1.0.201603142002
2016-11-02 15:16:16,385 - org.eclipse.datatools.enablement.sqlite.ui - 1.1.0.201603142002
2016-11-02 15:16:16,385 - org.eclipse.datatools.enablement.finfo - 1.6.0.201603142002
2016-11-02 15:16:16,385 - org.eclipse.emf.codegen.ui - 2.6.0.v20160526-0356
2016-11-02 15:16:16,407 - org.eclipse.mylyn.commons.notifications.core - 1.12.0.v20160421-1819
2016-11-02 15:16:16,407 - org.eclipse.mylyn.commons.notifications.feed - 1.12.0.v20160421-1819
2016-11-02 15:16:16,423 - org.eclipse.mylyn.commons.notifications.ui - 1.12.0.v20160421-1819
2016-11-02 15:16:16,423 - org.eclipse.emf.converter - 2.7.0.v20160526-0356
2016-11-02 15:16:16,438 - org.eclipse.emf.importer - 2.9.0.v20160526-0356
2016-11-02 15:16:16,438 - org.eclipse.emf.exporter - 2.7.0.v20160526-0356
2016-11-02 15:16:16,485 - org.eclipse.emf.importer.ecore - 2.8.0.v20160526-0356
2016-11-02 15:16:16,504 - org.eclipse.emf.importer.java - 2.7.0.v20160526-0356
2016-11-02 15:16:16,507 - org.eclipse.emf.importer.rose - 2.8.0.v20160526-0356
2016-11-02 15:16:16,507 - org.eclipse.emf.edit.ui - 2.12.0.v20160526-0356
2016-11-02 15:16:16,523 - org.eclipse.help - 3.7.0.v20160602-1307
2016-11-02 15:16:16,523 - org.eclipse.ui - 3.108.0.v20160518-1929
2016-11-02 15:16:16,523 - org.eclipse.ui.workbench - 3.108.0.v20160602-1232
2016-11-02 15:16:16,523 - org.eclipse.update.configurator - 3.3.400.v20160506-0750
2016-11-02 15:16:16,523 - org.eclipse.rcp - 4.6.0.v20160606-1100
2016-11-02 15:16:16,538 - org.eclipse.recommenders.rcp - 2.4.0.v20160607-1609
2016-11-02 15:16:16,585 - org.eclipse.recommenders.apidocs - 2.4.0.v20160607-1609
2016-11-02 15:16:16,585 - org.eclipse.recommenders.apidocs.rcp - 2.4.0.v20160607-1609
2016-11-02 15:16:16,639 - org.eclipse.recommenders.calls - 2.4.0.v20160607-1609
2016-11-02 15:16:16,639 - org.eclipse.recommenders.calls.rcp - 2.4.0.v20160607-1609
2016-11-02 15:16:16,639 - org.eclipse.recommenders.chain.rcp - 2.4.0.v20160607-1609
2016-11-02 15:16:16,654 - org.eclipse.recommenders.completion.rcp - 2.4.0.v20160607-1609
2016-11-02 15:16:16,686 - org.eclipse.recommenders.constructors - 2.4.0.v20160607-1609
2016-11-02 15:16:16,739 - org.eclipse.recommenders.constructors.rcp - 2.4.0.v20160607-1609
2016-11-02 15:16:16,808 - org.eclipse.recommenders.coordinates - 2.4.0.v20160607-1609
2016-11-02 15:16:16,808 - org.eclipse.recommenders.coordinates.rcp - 2.4.0.v20160607-1609
2016-11-02 15:16:16,839 - org.eclipse.recommenders.injection - 2.4.0.v20160607-1609
2016-11-02 15:16:16,855 - org.eclipse.recommenders.jayes - 2.4.0.v20160607-1609
2016-11-02 15:16:16,924 - org.eclipse.recommenders.jayes.io - 2.4.0.v20160607-1609
2016-11-02 15:16:16,971 - org.eclipse.recommenders.jdt - 2.4.0.v20160607-1609
2016-11-02 15:16:16,971 - org.eclipse.recommenders.models - 2.4.0.v20160607-1609
2016-11-02 15:16:16,971 - org.eclipse.recommenders.models.rcp - 2.4.0.v20160607-1609
2016-11-02 15:16:17,009 - org.eclipse.recommenders.net - 2.4.0.v20160607-1609
2016-11-02 15:16:17,056 - org.eclipse.recommenders.overrides - 2.4.0.v20160607-1609
2016-11-02 15:16:17,108 - org.eclipse.recommenders.overrides.rcp - 2.4.0.v20160607-1609
2016-11-02 15:16:17,171 - org.eclipse.recommenders.subwords.rcp - 2.4.0.v20160607-1609
2016-11-02 15:16:17,240 - org.eclipse.recommenders.types.rcp - 2.4.0.v20160607-1609
2016-11-02 15:16:17,240 - org.eclipse.recommenders.utils - 2.4.0.v20160607-1609
2016-11-02 15:16:17,324 - org.eclipse.recommenders.utils.rcp - 2.4.0.v20160607-1609
2016-11-02 15:16:17,387 - org.eclipse.mylyn.commons.repositories.http.core - 1.12.0.v20160421-1819
2016-11-02 15:16:17,409 - org.eclipse.datatools.connectivity.oda.design.ui - 3.3.0.201603142002
2016-11-02 15:16:17,409 - org.eclipse.datatools.connectivity.ui.dse - 1.2.0.201603142002
2016-11-02 15:16:17,409 - org.eclipse.datatools.connectivity.ui - 1.3.0.201603142002
2016-11-02 15:16:17,409 - org.eclipse.datatools.connectivity.sqm.core - 1.3.0.201603142002
2016-11-02 15:16:17,440 - org.eclipse.datatools.help - 1.6.0.201603142002
2016-11-02 15:16:17,456 - org.eclipse.jdt - 3.12.0.v20160606-1100
2016-11-02 15:16:17,456 - org.eclipse.ant.ui - 3.6.200.v20160525-1820
2016-11-02 15:16:17,456 - org.eclipse.jdt.apt.core - 3.4.100.v20160525-0952
2016-11-02 15:16:17,471 - org.eclipse.jdt.apt.ui - 3.4.100.v20160418-1457
2016-11-02 15:16:17,525 - org.eclipse.jdt.apt.pluggable.core - 1.1.100.v20160418-1457
2016-11-02 15:16:17,525 - org.eclipse.jdt.compiler.apt - 1.2.100.v20160418-1457
2016-11-02 15:16:17,525 - org.eclipse.jdt.compiler.tool - 1.1.100.v20160418-1457
2016-11-02 15:16:17,525 - org.eclipse.jdt.core - 3.12.0.v20160516-2131
2016-11-02 15:16:17,587 - org.eclipse.jdt.annotation - 2.1.0.v20160418-1457
2016-11-02 15:16:17,587 - org.eclipse.jdt.annotation - 2.1.0.v20160418-1457
2016-11-02 15:16:17,587 - org.eclipse.jdt.core.manipulation - 1.7.0.v20160419-0705
2016-11-02 15:16:17,587 - org.eclipse.jdt.debug.ui - 3.7.200.v20160423-1519
2016-11-02 15:16:17,609 - org.eclipse.jdt.debug - 3.10.0.v20160418-1524
2016-11-02 15:16:17,609 - org.eclipse.jdt.junit - 3.9.0.v20160421-1701
2016-11-02 15:16:17,609 - org.eclipse.jdt.junit.core - 3.8.0.v20160421-1701
2016-11-02 15:16:17,609 - org.eclipse.jdt.junit.runtime - 3.4.600.v20160505-0715
2016-11-02 15:16:17,672 - org.eclipse.jdt.junit4.runtime - 1.1.600.v20160505-0715
2016-11-02 15:16:17,672 - org.eclipse.jdt.launching - 3.8.100.v20160505-0636
2016-11-02 15:16:17,672 - org.eclipse.jdt.ui - 3.12.0.v20160525-1829
2016-11-02 15:16:17,672 - org.junit - 4.12.0.v201504281640
2016-11-02 15:16:17,688 - org.hamcrest.core - 1.3.0.v201303031735
2016-11-02 15:16:17,688 - org.eclipse.jdt.doc.user - 3.12.0.v20160601-2148
2016-11-02 15:16:17,688 - org.eclipse.ant.launching - 1.1.200.v20160418-1631
2016-11-02 15:16:17,710 - org.eclipse.emf.common - 2.12.0.v20160420-0247
2016-11-02 15:16:17,725 - org.eclipse.sequoyah.vnc.vncviewer.vncviews - 2.1.0.N20120718-0509
2016-11-02 15:16:17,772 - org.eclipse.egit.mylyn.ui - 4.4.0.201606070830-r
2016-11-02 15:16:17,788 - org.eclipse.datatools.sqltools.common.ui - 1.1.0.201603142002
2016-11-02 15:16:17,788 - org.eclipse.datatools.sqltools.debugger.core - 1.1.0.201603142002
2016-11-02 15:16:17,788 - org.eclipse.datatools.sqltools.editor.core - 1.1.0.201603142002
2016-11-02 15:16:17,788 - org.eclipse.datatools.sqltools.plan - 1.1.0.201603142002
2016-11-02 15:16:17,873 - org.eclipse.datatools.sqltools.routineeditor - 1.1.0.201603142002
2016-11-02 15:16:17,873 - org.eclipse.datatools.sqltools.sql - 1.1.0.201603142002
2016-11-02 15:16:17,873 - org.eclipse.datatools.sqltools.sqleditor - 1.1.0.201603142002
2016-11-02 15:16:17,873 - org.eclipse.datatools.sqltools.sqlscrapbook - 1.1.0.201603142002
2016-11-02 15:16:17,873 - org.eclipse.datatools.help - 1.6.0.201603142002
2016-11-02 15:16:17,873 - org.eclipse.datatools.sqltools.db.generic - 1.1.0.201603142002
2016-11-02 15:16:17,888 - org.eclipse.datatools.sqltools.debugger.core.ui - 1.1.0.201603142002
2016-11-02 15:16:17,973 - org.eclipse.datatools.sqltools.editor.core.ui - 1.1.0.201603142002
2016-11-02 15:16:17,973 - org.eclipse.datatools.sqltools.result.ui - 1.2.0.201603142002
2016-11-02 15:16:17,988 - org.eclipse.datatools.sqltools.routineeditor.ui - 1.1.0.201603142002
2016-11-02 15:16:18,042 - org.eclipse.datatools.sqltools.sql.ui - 1.1.0.201603142002
2016-11-02 15:16:18,058 - org.objectweb.asm - 5.0.1.v201404251740
2016-11-02 15:16:18,058 - org.eclipse.andmore - 0.5.0.201605181018
2016-11-02 15:16:18,173 - org.eclipse.andmore.base - 0.5.0.201605181018
2016-11-02 15:16:18,189 - org.eclipse.andmore.ddms - 0.5.0.201605181018
2016-11-02 15:16:18,211 - org.eclipse.andmore.overlay - 0.5.0.201605181018
2016-11-02 15:16:18,227 - org.apache.commons.codec - 1.6.0.v201305230611
2016-11-02 15:16:18,227 - org.apache.commons.compress - 1.6.0.v201310281400
2016-11-02 15:16:18,227 - org.apache.httpcomponents.httpclient - 4.3.6.v201511171540
2016-11-02 15:16:18,242 - org.apache.httpcomponents.httpcore - 4.3.3.v201411290715
2016-11-02 15:16:18,258 - org.eclipse.datatools.modelbase.dbdefinition - 1.1.0.201603142002
2016-11-02 15:16:18,258 - org.eclipse.datatools.modelbase.sql.edit - 1.1.0.201603142002
2016-11-02 15:16:18,258 - org.eclipse.datatools.modelbase.sql.query - 1.2.0.201603142002
2016-11-02 15:16:18,274 - org.eclipse.datatools.modelbase.sql.query.edit - 1.1.0.201603142002
2016-11-02 15:16:18,289 - org.eclipse.datatools.modelbase.sql.xml.query - 1.1.0.201603142002
2016-11-02 15:16:18,289 - org.eclipse.datatools.modelbase.sql - 1.1.0.201603142002
2016-11-02 15:16:18,306 - org.eclipse.oomph.setup.editor - 1.4.0.v20160505-0456
2016-11-02 15:16:18,306 - org.eclipse.oomph.setup.ui - 1.4.0.v20160530-1200
2016-11-02 15:16:18,311 - org.eclipse.oomph.setup.doc - 1.4.0.v20160426-0423
2016-11-02 15:16:18,311 - org.eclipse.oomph.setup.ui.questionnaire - 1.4.0.v20160530-1435
2016-11-02 15:16:18,311 - org.eclipse.oomph.jreinfo.ui - 1.4.0.v20160426-0423
2016-11-02 15:16:18,358 - org.eclipse.emf.mapping - 2.9.0.v20160526-0356
2016-11-02 15:16:18,374 - org.eclipse.emf.ecore - 2.12.0.v20160420-0247
2016-11-02 15:16:18,374 - org.eclipse.emf.ecore.change - 2.11.0.v20160420-0247
2016-11-02 15:16:18,374 - org.eclipse.emf.ecore.xmi - 2.12.0.v20160420-0247
2016-11-02 15:16:18,390 - org.eclipse.jgit - 4.4.0.201606070830-r
2016-11-02 15:16:18,443 - org.eclipse.jgit.archive - 4.4.0.201606070830-r
2016-11-02 15:16:18,443 - com.jcraft.jsch - 0.1.53.v201508180515
2016-11-02 15:16:18,443 - javaewah - 0.7.9.v201605172130
2016-11-02 15:16:18,443 - org.apache.commons.compress - 1.6.0.v201310281400
2016-11-02 15:16:18,443 - org.slf4j.api - 1.7.2.v20121108-1250
2016-11-02 15:16:18,443 - org.slf4j.impl.log4j12 - 1.7.2.v20131105-2200
2016-11-02 15:16:18,443 - org.apache.log4j - 1.2.15.v201012070815
2016-11-02 15:16:18,459 - org.eclipse.mylyn.wikitext.core - 2.9.0.v20160513-1433
2016-11-02 15:16:18,528 - org.eclipse.mylyn.wikitext.core.ant - 2.9.0.v20160513-1433
2016-11-02 15:16:18,559 - org.eclipse.mylyn.wikitext.core.osgi - 2.9.0.v20160513-1433
2016-11-02 15:16:18,559 - org.eclipse.mylyn.wikitext.textile.core - 2.9.0.v20160513-1433
2016-11-02 15:16:18,652 - org.eclipse.mylyn.wikitext.html.core - 2.9.0.v20160513-1433
2016-11-02 15:16:18,656 - org.eclipse.mylyn.wikitext.markdown.core - 2.9.0.v20160513-1433
2016-11-02 15:16:18,659 - org.eclipse.mylyn.wikitext.mediawiki.core - 2.9.0.v20160513-1433
2016-11-02 15:16:18,728 - org.eclipse.mylyn.wikitext.mediawiki.core.ant - 2.9.0.v20160513-1433
2016-11-02 15:16:18,743 - org.eclipse.mylyn.wikitext.confluence.core - 2.9.0.v20160513-1433
2016-11-02 15:16:18,743 - org.eclipse.mylyn.wikitext.tracwiki.core - 2.9.0.v20160513-1433
2016-11-02 15:16:18,828 - org.eclipse.mylyn.wikitext.twiki.core - 2.9.0.v20160519-0832
2016-11-02 15:16:18,828 - org.eclipse.mylyn.wikitext.ui - 2.9.0.v20160516-1547
2016-11-02 15:16:18,828 - org.eclipse.mylyn.wikitext.help.ui - 2.9.0.v20160524-0547
2016-11-02 15:16:18,859 - org.eclipse.mylyn.wikitext.textile.ui - 2.9.0.v20160513-1433
2016-11-02 15:16:18,891 - org.eclipse.mylyn.wikitext.markdown.ui - 2.9.0.v20160513-1433
2016-11-02 15:16:18,912 - org.eclipse.mylyn.wikitext.mediawiki.ui - 2.9.0.v20160513-1433
2016-11-02 15:16:18,944 - org.eclipse.mylyn.wikitext.confluence.ui - 2.9.0.v20160513-1433
2016-11-02 15:16:18,975 - org.eclipse.mylyn.wikitext.tracwiki.ui - 2.9.0.v20160513-1433
2016-11-02 15:16:18,991 - org.eclipse.mylyn.wikitext.twiki.ui - 2.9.0.v20160513-1433
2016-11-02 15:16:19,091 - org.eclipse.mylyn.wikitext.tasks.ui - 2.9.0.v20160513-1433
2016-11-02 15:16:19,144 - org.eclipse.mylyn.wikitext.context.ui - 2.9.0.v20160513-1433
2016-11-02 15:16:19,144 - org.eclipse.mylyn.wikitext.asciidoc.core - 2.9.0.v20160524-1633
2016-11-02 15:16:19,175 - org.eclipse.mylyn.wikitext.asciidoc.ui - 2.9.0.v20160516-1451
2016-11-02 15:16:19,175 - org.eclipse.emf.mapping.ecore.editor - 2.6.0.v20160526-0356
2016-11-02 15:16:19,244 - org.eclipse.emf.mapping.ecore2ecore.editor - 2.7.0.v20160526-0356
2016-11-02 15:16:19,259 - org.eclipse.emf.mapping.ecore2xml.ui - 2.8.0.v20160526-0356
2016-11-02 15:16:19,259 - org.eclipse.recommenders.mylyn.rcp - 2.4.0.v20160607-1609
2016-11-02 15:16:19,713 - org.apache.ant - 1.9.6.v201510161327
2016-11-02 15:16:19,713 - org.eclipse.ant.core - 3.4.100.v20160505-0642
2016-11-02 15:16:19,713 - com.jcraft.jsch - 0.1.53.v201508180515
2016-11-02 15:16:19,713 - org.eclipse.compare.core - 3.6.0.v20160418-1534
2016-11-02 15:16:19,713 - org.eclipse.compare - 3.6.0.v20160418-1534
2016-11-02 15:16:19,791 - org.eclipse.compare.win32 - 1.1.0.v20160418-1534
2016-11-02 15:16:19,791 - org.eclipse.core.filebuffers - 3.6.0.v20160503-1849
2016-11-02 15:16:19,791 - org.eclipse.core.filesystem - 1.6.0.v20160503-1608
2016-11-02 15:16:19,791 - org.eclipse.core.net - 1.3.0.v20160418-1534
2016-11-02 15:16:19,791 - org.eclipse.core.net.win32.x86_64 - 1.1.0.v20160323-1650
2016-11-02 15:16:19,791 - org.eclipse.core.resources - 3.11.0.v20160503-1608
2016-11-02 15:16:19,844 - org.eclipse.osgi.util - 3.3.100.v20150423-1351
2016-11-02 15:16:19,844 - org.eclipse.debug.core - 3.10.100.v20160419-1720
2016-11-02 15:16:19,844 - org.eclipse.debug.ui - 3.11.200.v20160518-1858
2016-11-02 15:16:19,844 - org.eclipse.equinox.event - 1.3.200.v20160324-1850
2016-11-02 15:16:19,844 - org.eclipse.ltk.core.refactoring - 3.7.0.v20160419-0705
2016-11-02 15:16:19,844 - org.eclipse.ltk.ui.refactoring - 3.8.0.v20160518-1817
2016-11-02 15:16:19,844 - org.eclipse.platform - 4.6.0.v20160606-1100
2016-11-02 15:16:19,844 - org.eclipse.platform.doc.user - 4.6.0.v20160606-1250
2016-11-02 15:16:19,844 - org.eclipse.search - 3.11.0.v20160519-1501
2016-11-02 15:16:19,844 - org.eclipse.team.core - 3.8.0.v20160418-1534
2016-11-02 15:16:19,844 - org.eclipse.team.ui - 3.8.0.v20160518-1906
2016-11-02 15:16:19,844 - org.eclipse.text - 3.6.0.v20160503-1849
2016-11-02 15:16:19,844 - org.eclipse.jface.text - 3.11.0.v20160505-1301
2016-11-02 15:16:19,844 - org.eclipse.jsch.core - 1.3.0.v20160422-1917
2016-11-02 15:16:19,860 - org.eclipse.jsch.ui - 1.3.0.v20160323-1650
2016-11-02 15:16:19,860 - org.eclipse.ui.console - 3.6.200.v20160518-1858
2016-11-02 15:16:19,860 - org.eclipse.ui.intro - 3.5.0.v20160509-1548
2016-11-02 15:16:19,860 - org.eclipse.ui.intro.universal - 3.3.0.v20160519-1604
2016-11-02 15:16:19,860 - org.eclipse.ui.cheatsheets - 3.5.0.v20160504-0839
2016-11-02 15:16:19,860 - org.eclipse.ui.browser - 3.5.0.v20160518-1929
2016-11-02 15:16:19,860 - org.eclipse.ui.monitoring - 1.1.0.v20160131-1628
2016-11-02 15:16:19,876 - org.eclipse.ui.navigator - 3.6.100.v20160518-1929
2016-11-02 15:16:19,876 - org.eclipse.ui.navigator.resources - 3.5.100.v20160518-1929
2016-11-02 15:16:19,876 - org.eclipse.ui.net - 1.3.0.v20160426-1633
2016-11-02 15:16:19,876 - org.eclipse.ui.workbench.texteditor - 3.10.0.v20160530-2011
2016-11-02 15:16:19,876 - org.eclipse.ui.views - 3.8.100.v20160518-1929
2016-11-02 15:16:19,876 - org.eclipse.ui.editors - 3.10.0.v20160505-0931
2016-11-02 15:16:19,876 - org.eclipse.ui.externaltools - 3.3.100.v20160518-1858
2016-11-02 15:16:19,876 - org.eclipse.ui.ide - 3.12.0.v20160601-1609
2016-11-02 15:16:19,876 - org.eclipse.ui.ide.application - 1.1.100.v20160518-1929
2016-11-02 15:16:19,876 - org.eclipse.ui.win32 - 3.3.0.v20160505-1310
2016-11-02 15:16:19,876 - org.eclipse.core.resources.win32.x86_64 - 3.5.0.v20140124-1940
2016-11-02 15:16:19,876 - org.eclipse.core.filesystem.win32.x86_64 - 1.4.0.v20140124-1940
2016-11-02 15:16:19,960 - org.eclipse.core.variables - 3.3.0.v20160419-1720
2016-11-02 15:16:19,960 - org.eclipse.ui.forms - 3.7.0.v20160518-1929
2016-11-02 15:16:19,960 - org.eclipse.ui.views.properties.tabbed - 3.7.0.v20160310-0903
2016-11-02 15:16:19,960 - org.eclipse.equinox.security - 1.2.200.v20150715-1528
2016-11-02 15:16:19,960 - org.eclipse.equinox.security.ui - 1.1.300.v20150803-1225
2016-11-02 15:16:19,960 - org.eclipse.equinox.security.win32.x86_64 - 1.0.100.v20130327-1442
2016-11-02 15:16:20,029 - org.eclipse.core.externaltools - 1.0.400.v20160509-1057
2016-11-02 15:16:20,029 - org.eclipse.ui.themes - 1.1.100.v20160411-1921
2016-11-02 15:16:20,029 - org.eclipse.core.runtime - 3.12.0.v20160606-1342
2016-11-02 15:16:20,061 - org.eclipse.ui.intro.quicklinks - 1.0.0.v20160515-0255
2016-11-02 15:16:20,076 - org.eclipse.mylyn.discovery.core - 3.20.0.v20160421-1819
2016-11-02 15:16:20,092 - org.eclipse.mylyn.discovery.ui - 3.20.0.v20160421-1819
2016-11-02 15:16:20,092 - org.eclipse.emf.ecore.edit - 2.9.0.v20160526-0356
2016-11-02 15:16:20,145 - org.eclipse.emf.ecore.change.edit - 2.6.0.v20160526-0356
2016-11-02 15:16:20,161 - org.eclipse.sequoyah.vnc.protocol - 2.1.0.N20120718-0509
2016-11-02 15:16:20,176 - org.eclipse.emf.mapping.ecore - 2.6.0.v20160526-0356
2016-11-02 15:16:20,229 - org.eclipse.emf.mapping.ecore2ecore - 2.9.0.v20160526-0356
2016-11-02 15:16:20,314 - org.eclipse.emf.mapping.ecore2xml - 2.9.0.v20160526-0356
2016-11-02 15:16:20,329 - org.eclipse.mylyn.versions.core - 1.12.0.v20160421-1824
2016-11-02 15:16:20,361 - org.eclipse.mylyn.versions.ui - 1.12.0.v20160421-1824
2016-11-02 15:16:20,361 - org.eclipse.andmore.traceview - 0.5.0.201605181018
2016-11-02 15:16:20,376 - org.eclipse.sequoyah.localization.android - 2.1.0.N20120718-0509
2016-11-02 15:16:20,376 - org.eclipse.sequoyah.localization.android.help - 2.1.1.N20120718-0509
2016-11-02 15:16:20,392 - org.eclipse.m2e.logback.configuration - 1.7.0.20160603-1933
2016-11-02 15:16:20,392 - org.eclipse.m2e.logback.appender - 1.7.0.20160603-1933
2016-11-02 15:16:20,411 - org.eclipse.emf.codegen - 2.11.0.v20160526-0356
2016-11-02 15:16:20,414 - org.eclipse.wst.dtd.ui - 1.0.801.v201308100602
2016-11-02 15:16:20,445 - org.eclipse.wst.dtd.ui.infopop - 1.0.400.v201309112106
2016-11-02 15:16:20,461 - org.eclipse.wst.sse.ui.infopop - 1.0.300.v201309112106
2016-11-02 15:16:20,492 - org.eclipse.wst.xml.ui.infopop - 1.0.400.v201309112106
2016-11-02 15:16:20,492 - org.eclipse.wst.sse.ui - 1.3.500.v201605120129
2016-11-02 15:16:20,492 - org.eclipse.wst.xml.ui - 1.1.700.v201604272318
2016-11-02 15:16:20,492 - org.eclipse.wst.xsd.ui - 1.2.600.v201511240159
2016-11-02 15:16:20,514 - nu.psnet.quickimage - 1.0.3.2
2016-11-02 15:16:20,530 - org.eclipse.emf - 2.6.0.v20160526-0356
2016-11-02 15:16:20,546 - org.eclipse.datatools.doc.user - 1.7.0.20090521092446
2016-11-02 15:16:20,561 - org.eclipse.datatools.oda.cshelp - 1.2.0.201603142002
2016-11-02 15:16:20,561 - org.eclipse.datatools.help - 1.6.0.201603142002
2016-11-02 15:16:20,577 - org.eclipse.mylyn.tasks.bugs - 3.20.0.v20160425-1835
2016-11-02 15:16:20,577 - org.eclipse.mylyn.help.ui - 3.20.0.v20160425-1835
2016-11-02 15:16:20,609 - org.eclipse.draw2d - 3.10.100.201606061308
2016-11-02 15:16:20,615 - org.eclipse.emf.edit - 2.12.0.v20160526-0356
2016-11-02 15:16:20,630 - org.eclipse.mylyn.commons.core - 3.20.0.v20160421-1819
2016-11-02 15:16:20,630 - org.eclipse.mylyn.commons.screenshots - 3.20.0.v20160421-1819
2016-11-02 15:16:20,630 - org.eclipse.mylyn.commons.ui - 3.20.0.v20160421-1819
2016-11-02 15:16:20,630 - org.eclipse.mylyn.commons.workbench - 3.20.0.v20160421-1819
2016-11-02 15:16:20,662 - org.eclipse.mylyn.bugzilla.ide - 3.20.0.v20160421-1902
2016-11-02 15:16:20,731 - org.eclipse.mylyn.ide.ui - 3.20.0.v20160421-1902
2016-11-02 15:16:20,746 - org.eclipse.emf.databinding.edit - 1.3.0.v20160526-0356
2016-11-02 15:16:20,746 - org.eclipse.emf.codegen.ecore - 2.12.0.v20160526-0356
2016-11-02 15:16:20,746 - org.eclipse.emf.ant - 2.8.0.v20160526-0356
2016-11-02 15:16:21,015 - org.eclipse.m2e.archetype.common - 1.7.0.20160603-1931
2016-11-02 15:16:21,078 - org.eclipse.m2e.maven.indexer - 1.7.0.20160603-1931
2016-11-02 15:16:21,078 - org.eclipse.m2e.model.edit - 1.7.0.20160603-1933
2016-11-02 15:16:21,078 - org.eclipse.m2e.core - 1.7.0.20160603-1933
2016-11-02 15:16:21,094 - org.eclipse.m2e.launching - 1.7.0.20160603-1933
2016-11-02 15:16:21,131 - org.eclipse.m2e.workspace.cli - 0.3.1
2016-11-02 15:16:21,190 - org.eclipse.m2e.jdt - 1.7.0.20160603-1933
2016-11-02 15:16:21,190 - org.eclipse.m2e.editor - 1.7.0.20160603-1933
2016-11-02 15:16:21,190 - org.eclipse.m2e.editor.xml - 1.7.0.20160603-1933
2016-11-02 15:16:22,258 - org.eclipse.m2e.maven.runtime - 1.7.0.20160603-1931
2016-11-02 15:16:22,285 - org.eclipse.m2e.maven.runtime.slf4j.simple - 1.7.0.20160603-1931
2016-11-02 15:16:22,285 - org.eclipse.m2e.refactoring - 1.7.0.20160603-1933
2016-11-02 15:16:22,306 - org.eclipse.m2e.lifecyclemapping.defaults - 1.7.0.20160603-1933
2016-11-02 15:16:22,309 - org.eclipse.m2e.discovery - 1.7.0.20160603-1933
2016-11-02 15:16:22,310 - org.eclipse.m2e.core.ui - 1.7.0.20160603-1933
2016-11-02 15:16:22,314 - org.eclipse.m2e.scm - 1.7.0.20160603-1933
2016-11-02 15:16:22,315 - org.eclipse.m2e.jdt.ui - 1.7.0.20160603-1933
2016-11-02 15:16:22,357 - org.eclipse.m2e.profiles.core - 1.7.0.20160603-1933
2016-11-02 15:16:22,429 - org.eclipse.m2e.profiles.ui - 1.7.0.20160603-1933
2016-11-02 15:16:22,460 - org.eclipse.m2e.importer - 1.7.0.20160603-1933
2016-11-02 15:16:22,471 - org.eclipse.andmore.ndk - 0.5.0.201605181018
2016-11-02 15:16:22,481 - org.eclipse.andmore.gldebugger - 0.5.0.201605181018
2016-11-02 15:16:22,497 - org.eclipse.mylyn.hudson.core - 1.12.0.v20160524-1837
2016-11-02 15:16:22,538 - org.eclipse.mylyn.hudson.ui - 1.12.0.v20160421-2142
2016-11-02 15:16:22,554 - org.eclipse.epp.mpc.core - 1.5.0.v20160608-1457
2016-11-02 15:16:22,554 - org.eclipse.epp.mpc.ui - 1.5.0.v20160608-1804
2016-11-02 15:16:22,557 - org.eclipse.epp.mpc.help.ui - 1.5.0.v20160524-1910
2016-11-02 15:16:22,557 - org.apache.httpcomponents.httpclient - 4.3.6.v201511171540
2016-11-02 15:16:22,557 - org.apache.httpcomponents.httpcore - 4.3.3.v201411290715
2016-11-02 15:16:22,573 - org.eclipse.datatools.connectivity.oda.consumer - 3.3.0.201603142002
2016-11-02 15:16:22,577 - org.eclipse.datatools.connectivity.oda.design - 3.4.0.201603142002
2016-11-02 15:16:22,642 - org.eclipse.datatools.connectivity.oda.profile - 3.3.0.201603142002
2016-11-02 15:16:22,642 - org.eclipse.datatools.connectivity.oda - 3.5.0.201603142002
2016-11-02 15:16:22,642 - org.eclipse.datatools.connectivity - 1.13.0.201603142002
2016-11-02 15:16:22,698 - org.eclipse.mylyn.git.core - 1.12.0.v20160421-1824
2016-11-02 15:16:22,739 - org.eclipse.mylyn.git.ui - 1.12.0.v20160421-1824
2016-11-02 15:16:22,750 - org.eclipse.andmore.android.certmanager - 0.5.0.201605181018
2016-11-02 15:16:22,765 - org.eclipse.recommenders.snipmatch - 2.4.0.v20160607-1609
2016-11-02 15:16:22,765 - org.eclipse.recommenders.snipmatch.rcp - 2.4.0.v20160607-1609
2016-11-02 15:16:22,776 - org.eclipse.cdt.gdb - 7.0.0.201606062011
2016-11-02 15:16:22,805 - org.eclipse.cdt.gdb.ui - 7.0.0.201606062011
2016-11-02 15:16:22,818 - org.eclipse.pde - 3.12.0.v20160606-1100
2016-11-02 15:16:22,829 - org.eclipse.pde.build - 3.9.200.v20160204-0642
2016-11-02 15:16:22,829 - org.eclipse.pde.core - 3.11.0.v20160510-1223
2016-11-02 15:16:22,868 - org.eclipse.pde.junit.runtime - 3.5.0.v20151013-0625
2016-11-02 15:16:22,868 - org.eclipse.pde.runtime - 3.5.0.v20160418-1724
2016-11-02 15:16:22,870 - org.eclipse.pde.ui - 3.9.0.v20160525-1830
2016-11-02 15:16:22,874 - org.eclipse.pde.doc.user - 3.12.0.v20160601-2148
2016-11-02 15:16:22,879 - org.eclipse.pde.ui.templates - 3.6.0.v20160424-1948
2016-11-02 15:16:22,880 - org.eclipse.ui.views.log - 1.2.0.v20160418-1724
2016-11-02 15:16:22,880 - org.objectweb.asm - 5.0.1.v201404251740
2016-11-02 15:16:22,963 - org.objectweb.asm.tree - 5.0.1.v201404251740
2016-11-02 15:16:22,967 - org.eclipse.pde.api.tools - 1.1.0.v20160508-0834
2016-11-02 15:16:22,996 - org.eclipse.pde.api.tools.annotations - 1.0.100.v20160418-1724
2016-11-02 15:16:22,997 - org.eclipse.pde.api.tools.ui - 1.1.0.v20160519-0701
2016-11-02 15:16:23,001 - org.eclipse.pde.ds.core - 1.1.0.v20151201-1325
2016-11-02 15:16:23,004 - org.eclipse.pde.ds.ui - 1.1.0.v20160518-1843
2016-11-02 15:16:23,005 - org.eclipse.pde.launching - 3.6.400.v20160121-1248
2016-11-02 15:16:23,009 - org.eclipse.pde.ua.core - 1.0.500.v20160204-0642
2016-11-02 15:16:23,012 - org.eclipse.pde.ua.ui - 1.1.0.v20160518-1843
2016-11-02 15:16:23,013 - org.eclipse.ui.trace - 1.0.400.v20160509-1055
2016-11-02 15:16:23,016 - org.eclipse.pde.ds.annotations - 1.0.0.v20160525-1437
2016-11-02 15:16:23,032 - org.eclipse.sequoyah.localization.tools - 2.1.0.N20120718-0509
2016-11-02 15:16:23,036 - org.eclipse.sequoyah.localization.editor - 2.1.0.N20120718-0509
2016-11-02 15:16:23,038 - net.sourceforge.lpg.lpgjavaruntime - 1.1.0.v201004271650
2016-11-02 15:16:23,054 - org.eclipse.datatools.sqltools.parsers.sql.lexer - 1.1.0.201603142002
2016-11-02 15:16:23,054 - org.eclipse.datatools.sqltools.parsers.sql.query - 1.3.0.201603142002
2016-11-02 15:16:23,054 - org.eclipse.datatools.sqltools.parsers.sql.xml.query - 1.1.0.201603142002
2016-11-02 15:16:23,054 - org.eclipse.datatools.sqltools.parsers.sql - 1.1.0.201603142002
2016-11-02 15:16:23,070 - org.eclipse.mylyn.java.ui - 3.20.0.v20160421-1902
2016-11-02 15:16:23,117 - org.eclipse.mylyn.java.tasks - 3.20.0.v20160421-1902
2016-11-02 15:16:23,117 - org.eclipse.mylyn.ide.ui - 3.20.0.v20160421-1902
2016-11-02 15:16:23,153 - org.eclipse.mylyn.ide.ant - 3.20.0.v20160421-1902
2016-11-02 15:16:23,222 - org.eclipse.mylyn.debug.ui - 3.20.0.v20160421-1902
2016-11-02 15:16:23,237 - org.eclipse.mylyn.team.ui - 3.20.0.v20160421-1902
2016-11-02 15:16:23,237 - org.eclipse.datatools.sqltools.sql - 1.1.0.201603142002
2016-11-02 15:16:23,237 - org.eclipse.datatools.sqltools.common.ui - 1.1.0.201603142002
2016-11-02 15:16:23,237 - org.eclipse.datatools.sqltools.plan - 1.1.0.201603142002
2016-11-02 15:16:23,237 - org.eclipse.datatools.sqltools.editor.core - 1.1.0.201603142002
2016-11-02 15:16:23,237 - org.eclipse.datatools.sqltools.sqleditor - 1.1.0.201603142002
2016-11-02 15:16:23,237 - org.eclipse.datatools.sqltools.ddlgen.ui - 1.1.0.201603142002
2016-11-02 15:16:23,284 - org.eclipse.datatools.connectivity.db.generic - 1.1.0.201603142002
2016-11-02 15:16:23,284 - org.eclipse.datatools.sqltools.editor.core.ui - 1.1.0.201603142002
2016-11-02 15:16:23,284 - org.eclipse.datatools.sqltools.sql.ui - 1.1.0.201603142002
2016-11-02 15:16:23,284 - org.eclipse.emf.common.ui - 2.11.0.v20160526-0356
2016-11-02 15:16:23,300 - org.eclipse.mylyn.commons.repositories.core - 1.12.0.v20160421-1819
2016-11-02 15:16:23,300 - org.eclipse.mylyn.commons.repositories.ui - 1.12.0.v20160421-1819
2016-11-02 15:16:23,322 - org.eclipse.sequoyah.device.common.utilities - 2.1.0.N20120718-0509
2016-11-02 15:16:23,322 - org.eclipse.andmore.android.common - 0.5.0.201605181018
2016-11-02 15:16:23,338 - org.eclipse.andmore.android.codeutils - 0.5.0.201605181018
2016-11-02 15:16:23,420 - org.eclipse.andmore.android.translation - 0.5.0.201605181018
2016-11-02 15:16:23,422 - org.eclipse.andmore.android.codesnippets - 0.5.0.201605181018
2016-11-02 15:16:23,422 - org.eclipse.andmore.android.db.core - 0.5.0.201605181018
2016-11-02 15:16:23,422 - org.eclipse.andmore.android.logger - 0.5.0.201605181018
2016-11-02 15:16:23,438 - org.eclipse.andmore.android - 0.5.0.201605181018
2016-11-02 15:16:23,438 - org.eclipse.andmore.android.emulator - 0.5.0.201605181018
2016-11-02 15:16:23,453 - org.eclipse.andmore.android.launch - 0.5.0.201605181018
2016-11-02 15:16:23,453 - org.eclipse.andmore.android.packaging.ui - 0.5.0.201605181018
2016-11-02 15:16:23,516 - org.eclipse.andmore.android.handset - 0.5.0.201605181018
2016-11-02 15:16:23,519 - org.eclipse.andmore.android.remote - 0.5.0.201605181018
2016-11-02 15:16:23,519 - org.eclipse.andmore.android.win32.x86_64 - 0.5.0.201605181018
2016-11-02 15:16:23,520 - org.eclipse.andmore.android.mat - 0.5.0.201605181018
2016-11-02 15:16:23,520 - org.eclipse.andmore.android.devices.services - 0.5.0.201605181018
2016-11-02 15:16:23,522 - org.eclipse.andmore.android.db.devices - 0.5.0.201605181018
2016-11-02 15:16:23,554 - org.eclipse.andmore.android.installer - 0.5.0.201605181018
2016-11-02 15:16:23,638 - org.eclipse.andmore.android.logger.collector - 0.5.0.201605181018
2016-11-02 15:16:23,638 - org.eclipse.emf.mapping.ui - 2.7.0.v20160526-0356
2016-11-02 15:16:23,654 - org.eclipse.mylyn.monitor.core - 3.20.0.v20160421-1819
2016-11-02 15:16:23,654 - org.eclipse.mylyn.monitor.ui - 3.20.0.v20160421-1819
2016-11-02 15:16:23,670 - org.eclipse.datatools.connectivity.oda.template.ui - 3.3.0.201603142002
2016-11-02 15:16:23,685 - org.eclipse.sequoyah.vnc.vncviewer - 2.1.0.N20120718-0509
2016-11-02 15:16:23,701 - org.eclipse.emf.codegen.ecore.ui - 2.12.0.v20160526-0356
2016-11-02 15:16:23,701 - org.eclipse.emf.ecore.editor - 2.12.0.v20160526-0356
2016-11-02 15:16:23,722 - org.eclipse.epp.package.android - 4.6.0.20160613-1800
2016-11-02 15:16:23,723 - org.eclipse.mylyn.builds.core - 1.12.0.v20160421-2142
2016-11-02 15:16:23,723 - org.eclipse.mylyn.builds.ui - 1.12.0.v20160421-2142
2016-11-02 15:16:23,739 - org.eclipse.mylyn.context.core - 3.20.0.v20160421-1902
2016-11-02 15:16:23,739 - org.eclipse.mylyn.context.ui - 3.20.0.v20160421-1902
2016-11-02 15:16:23,739 - org.eclipse.mylyn.resources.ui - 3.20.0.v20160421-1902
2016-11-02 15:16:23,754 - org.eclipse.mylyn.context.tasks.ui - 3.20.0.v20160608-1905
2016-11-02 15:16:23,754 - org.eclipse.emf.databinding - 1.3.0.v20160526-0356
2016-11-02 15:16:23,770 - org.eclipse.datatools.connectivity.sqm.core.ui - 1.3.0.201603142002
2016-11-02 15:16:23,770 - org.eclipse.datatools.connectivity.sqm.core - 1.3.0.201603142002
2016-11-02 15:16:23,785 - org.eclipse.datatools.connectivity.sqm.server.ui - 1.2.0.201603142002
2016-11-02 15:16:23,785 - org.eclipse.datatools.connectivity.ui.dse - 1.2.0.201603142002
2016-11-02 15:16:23,785 - org.eclipse.datatools.connectivity.ui - 1.3.0.201603142002
2016-11-02 15:16:23,785 - org.eclipse.datatools.connectivity - 1.13.0.201603142002
2016-11-02 15:16:23,785 - org.eclipse.datatools.help - 1.6.0.201603142002
2016-11-02 15:16:23,839 - org.eclipse.datatools.connectivity.console.profile - 1.1.0.201603142002
2016-11-02 15:16:23,839 - org.eclipse.oomph.setup - 1.4.0.v20160530-1355
2016-11-02 15:16:23,839 - org.eclipse.oomph.setup.edit - 1.4.0.v20160426-0423
2016-11-02 15:16:23,839 - org.eclipse.oomph.setup.core - 1.4.0.v20160530-1200
2016-11-02 15:16:23,854 - org.eclipse.oomph.setup.sync - 1.4.0.v20160426-0423
2016-11-02 15:16:23,919 - org.eclipse.oomph.setup.p2 - 1.4.0.v20160530-1200
2016-11-02 15:16:23,919 - org.eclipse.oomph.setup.p2.edit - 1.4.0.v20160426-0423
2016-11-02 15:16:23,923 - org.eclipse.oomph.preferences - 1.4.0.v20160426-0423
2016-11-02 15:16:24,001 - org.eclipse.oomph.jreinfo - 1.4.0.v20160519-0740
2016-11-02 15:16:24,001 - org.eclipse.oomph.jreinfo.win32.x86_64 - 1.2.0.v20160426-0508
2016-11-02 15:16:24,039 - org.eclipse.oomph.extractor.lib - 1.2.0.v20160519-0740
2016-11-02 15:16:24,039 - org.apache.commons.logging - 1.1.1.v201101211721
2016-11-02 15:16:24,039 - org.apache.commons.codec - 1.6.0.v201305230611
2016-11-02 15:16:24,039 - org.apache.httpcomponents.httpclient - 4.3.6.v201511171540
2016-11-02 15:16:24,039 - org.apache.httpcomponents.httpcore - 4.3.3.v201411290715
2016-11-02 15:16:24,055 - org.eclipse.userstorage - 1.0.0.v20160524-0709
2016-11-02 15:16:24,055 - org.eclipse.userstorage.ui - 1.0.0.v20151216-0912
