2016-11-02 15:16:24,055 [main] DEBUG class java.lang.Class - Starting Andmore Common Plugin...
2016-11-02 15:16:24,055 [main] DEBUG class java.lang.Class - Andmore Common Plugin started.
2016-11-02 15:16:24,055 [main] DEBUG class java.lang.Class - Starting Andmore Plugin...
2016-11-02 15:16:24,055 [main] DEBUG class java.lang.Class - Andmore Plugin started.
2016-11-02 15:16:25,056 [main] DEBUG class java.lang.Class - Starting Andmore Emulator Plugin...
2016-11-02 15:16:25,119 [main] DEBUG class java.lang.Class - Andmore Emulator Plugin started.
2016-11-02 15:16:25,122 [main] DEBUG class java.lang.Class - Starting Andmore Handset Plugin...
2016-11-02 15:16:25,122 [main] DEBUG class java.lang.Class - Andmore Handset Plugin started.
2016-11-02 15:16:25,125 [main] DEBUG class java.lang.Class - Starting Andmore Remote Device Plugin...
2016-11-02 15:16:25,125 [main] DEBUG class java.lang.Class - Starting Andmore Remote Device Plugin started.
2016-11-02 15:16:25,125 [main] DEBUG class java.lang.Class - Starting Andmore Device Services Plugin...
2016-11-02 15:16:25,125 [main] DEBUG class java.lang.Class - Andmore Device Services Plugin started.
2016-11-02 15:16:25,187 [Instance Event Manager] INFO  Studio for Android - The android device instance status was updated: AVD_for_Nexus_5_by_Google Status: OFF
2016-11-02 15:16:25,187 [Instance Event Manager] INFO  Studio for Android - The android device instance status was updated: Nexus_5X_API_22 Status: OFF
2016-11-02 15:16:25,187 [Instance Event Manager] INFO  Studio for Android - The android device instance status was updated: abc Status: OFF
2016-11-02 15:16:25,187 [Instance Event Manager] INFO  Studio for Android - The android device instance status was updated: AVD_for_Nexus_5_by_Google Status: org.eclipse.andmore.android.emulator.status.notavailable
2016-11-02 15:16:25,187 [Instance Event Manager] INFO  Studio for Android - The android device instance status was updated: Nexus_5X_API_22 Status: org.eclipse.andmore.android.emulator.status.notavailable
2016-11-02 15:16:25,187 [Instance Event Manager] INFO  Studio for Android - The android device instance status was updated: abc Status: org.eclipse.andmore.android.emulator.status.notavailable
2016-11-02 15:16:25,225 [main] ERROR Studio for Android - 无法实例化处理程序(PLUGIN=org.eclipse.sequoyah.device.framework;ERROR=202)
2016-11-02 15:16:25,225 [main] ERROR Studio for Android - 无法实例化处理程序(PLUGIN=org.eclipse.sequoyah.device.framework;ERROR=202)
2016-11-02 15:16:25,225 [main] ERROR Studio for Android - 无法实例化处理程序(PLUGIN=org.eclipse.sequoyah.device.framework;ERROR=202)
2016-11-02 15:16:25,225 [main] ERROR Studio for Android - 无法实例化处理程序(PLUGIN=org.eclipse.sequoyah.device.framework;ERROR=202)
2016-11-02 15:16:25,225 [main] ERROR Studio for Android - 无法实例化处理程序(PLUGIN=org.eclipse.sequoyah.device.framework;ERROR=202)
2016-11-02 15:16:25,225 [main] ERROR Studio for Android - 无法实例化处理程序(PLUGIN=org.eclipse.sequoyah.device.framework;ERROR=202)
2016-11-02 15:16:25,225 [main] ERROR Studio for Android - 无法实例化处理程序(PLUGIN=org.eclipse.sequoyah.device.framework;ERROR=202)
2016-11-02 15:16:25,225 [main] ERROR Studio for Android - 无法实例化处理程序(PLUGIN=org.eclipse.sequoyah.device.framework;ERROR=202)
2016-11-02 15:16:25,225 [main] ERROR Studio for Android - 无法实例化处理程序(PLUGIN=org.eclipse.sequoyah.device.framework;ERROR=202)
2016-11-02 15:16:25,225 [main] ERROR Studio for Android - 无法实例化处理程序(PLUGIN=org.eclipse.sequoyah.device.framework;ERROR=202)
2016-11-02 15:16:25,225 [main] ERROR Studio for Android - 无法实例化处理程序(PLUGIN=org.eclipse.sequoyah.device.framework;ERROR=202)
2016-11-02 15:16:25,225 [main] ERROR Studio for Android - 无法实例化处理程序(PLUGIN=org.eclipse.sequoyah.device.framework;ERROR=202)
2016-11-02 15:16:25,225 [main] ERROR Studio for Android - 无法实例化处理程序(PLUGIN=org.eclipse.sequoyah.device.framework;ERROR=202)
2016-11-02 15:16:25,225 [main] ERROR Studio for Android - 无法实例化处理程序(PLUGIN=org.eclipse.sequoyah.device.framework;ERROR=202)
2016-11-02 15:16:25,225 [main] ERROR Studio for Android - 无法实例化处理程序(PLUGIN=org.eclipse.sequoyah.device.framework;ERROR=202)
2016-11-02 15:16:25,225 [main] ERROR Studio for Android - 无法实例化处理程序(PLUGIN=org.eclipse.sequoyah.device.framework;ERROR=202)
2016-11-02 15:16:25,225 [main] ERROR Studio for Android - 无法实例化处理程序(PLUGIN=org.eclipse.sequoyah.device.framework;ERROR=202)
2016-11-02 15:16:25,225 [main] ERROR Studio for Android - 无法实例化处理程序(PLUGIN=org.eclipse.sequoyah.device.framework;ERROR=202)
2016-11-02 15:16:25,225 [main] ERROR Studio for Android - 无法实例化处理程序(PLUGIN=org.eclipse.sequoyah.device.framework;ERROR=202)
2016-11-02 15:16:25,225 [main] ERROR Studio for Android - 无法实例化处理程序(PLUGIN=org.eclipse.sequoyah.device.framework;ERROR=202)
2016-11-02 15:16:26,125 [main] DEBUG class java.lang.Class - Starting DDMS facade using listener...
2016-11-02 15:16:26,125 [main] DEBUG class java.lang.Class - DDMS facade started using listener.
2016-11-02 15:16:29,465 [Worker-10] DEBUG class org.eclipse.andmore.android.AndroidPlugin - Notify SDK loader listeners
2016-11-02 15:16:29,481 [Worker-1] DEBUG class org.eclipse.andmore.android.AndroidPlugin - Notify SDK loader listeners
2016-11-02 15:16:31,606 [Instance Event Manager] INFO  Studio for Android - The android device instance status was updated: AVD_for_Nexus_5_by_Google Status: org.eclipse.andmore.android.emulator.status.offline
2016-11-02 15:17:02,807 [Worker-8] INFO  Studio for Android - [Status: id=org.eclipse.andmore.android.emulator.status.offline;name=Offline]
2016-11-02 15:17:02,807 [Worker-8] INFO  Studio for Android - [Status: id=org.eclipse.andmore.android.handset.status.handsetonline;name=Online]
2016-11-02 15:17:02,807 [Worker-8] INFO  Studio for Android - [Status: id=INACTIVE;name=INACTIVE]
2016-11-02 15:17:02,807 [Worker-8] INFO  Studio for Android - [Status: id=org.eclipse.andmore.android.emulator.status.notavailable;name=Not available]
2016-11-02 15:17:02,808 [Worker-8] INFO  Studio for Android - [Status: id=IDLE;name=IDLE]
2016-11-02 15:17:02,808 [Worker-8] INFO  Studio for Android - [Status: id=org.eclipse.andmore.android.remote.status.connected;name=Connected]
2016-11-02 15:17:02,808 [Worker-8] INFO  Studio for Android - [Status: id=org.eclipse.andmore.android.remote.status.disconnected;name=Disconnected]
2016-11-02 15:17:02,808 [Worker-8] INFO  Studio for Android - [Status: id=org.eclipse.andmore.android.emulator.status.online;name=Online]
2016-11-02 15:17:02,808 [Worker-8] INFO  Studio for Android - [Status: id=OFF;name=OFF]
2016-11-02 15:17:02,808 [Worker-8] INFO  Studio for Android - [Status: id=org.eclipse.andmore.android.emulator.status.offlineNoData;name=Offline (no user data)]
2016-11-02 15:19:24,679 [ModalContext] ERROR Studio for Android - org.eclipse.sequoyah.localization.tools.managers.LocalizationManager: Error getting Localization Schema
2016-11-02 15:19:24,680 [ModalContext] ERROR Studio for Android - org.eclipse.sequoyah.localization.tools.managers.LocalizationManager: Error getting Localization Schema
2016-11-02 15:19:24,680 [ModalContext] ERROR Studio for Android - org.eclipse.sequoyah.localization.tools.managers.LocalizationManager: Error getting Localization Schema
2016-11-02 15:19:24,680 [ModalContext] ERROR Studio for Android - org.eclipse.sequoyah.localization.tools.managers.LocalizationManager: Error getting Localization Schema
2016-11-02 15:19:24,680 [ModalContext] ERROR Studio for Android - org.eclipse.sequoyah.localization.tools.managers.LocalizationManager: Error getting Localization Schema
2016-11-02 15:19:24,680 [ModalContext] ERROR Studio for Android - org.eclipse.sequoyah.localization.tools.managers.LocalizationManager: Error getting Localization Schema
2016-11-02 15:19:24,680 [ModalContext] ERROR Studio for Android - org.eclipse.sequoyah.localization.tools.managers.LocalizationManager: Error getting Localization Schema
2016-11-02 15:19:24,680 [ModalContext] ERROR Studio for Android - org.eclipse.sequoyah.localization.tools.managers.LocalizationManager: Error getting Localization Schema
2016-11-02 15:19:24,680 [ModalContext] ERROR Studio for Android - org.eclipse.sequoyah.localization.tools.managers.LocalizationManager: Error getting Localization Schema
2016-11-02 15:19:24,680 [ModalContext] ERROR Studio for Android - org.eclipse.sequoyah.localization.tools.managers.LocalizationManager: Error getting Localization Schema
2016-11-02 15:19:24,680 [ModalContext] ERROR Studio for Android - org.eclipse.sequoyah.localization.tools.managers.LocalizationManager: Error getting Localization Schema
2016-11-02 15:19:24,680 [ModalContext] ERROR Studio for Android - org.eclipse.sequoyah.localization.tools.managers.LocalizationManager: Error getting Localization Schema
2016-11-02 15:19:24,680 [ModalContext] ERROR Studio for Android - org.eclipse.sequoyah.localization.tools.managers.LocalizationManager: Error getting Localization Schema
2016-11-02 15:19:24,680 [ModalContext] ERROR Studio for Android - org.eclipse.sequoyah.localization.tools.managers.LocalizationManager: Error getting Localization Schema
2016-11-02 15:19:24,680 [ModalContext] ERROR Studio for Android - org.eclipse.sequoyah.localization.tools.managers.LocalizationManager: Error getting Localization Schema
2016-11-02 15:19:24,680 [ModalContext] ERROR Studio for Android - org.eclipse.sequoyah.localization.tools.managers.LocalizationManager: Error getting Localization Schema
2016-11-02 15:19:24,680 [ModalContext] ERROR Studio for Android - org.eclipse.sequoyah.localization.tools.managers.LocalizationManager: Error getting Localization Schema
2016-11-02 15:19:24,680 [ModalContext] ERROR Studio for Android - org.eclipse.sequoyah.localization.tools.managers.LocalizationManager: Error getting Localization Schema
2016-11-02 15:19:24,680 [ModalContext] ERROR Studio for Android - org.eclipse.sequoyah.localization.tools.managers.LocalizationManager: Error getting Localization Schema
2016-11-02 15:19:24,680 [ModalContext] ERROR Studio for Android - org.eclipse.sequoyah.localization.tools.managers.LocalizationManager: Error getting Localization Schema
2016-11-02 15:19:24,680 [ModalContext] ERROR Studio for Android - org.eclipse.sequoyah.localization.tools.managers.LocalizationManager: Error getting Localization Schema
2016-11-02 15:19:24,680 [ModalContext] ERROR Studio for Android - org.eclipse.sequoyah.localization.tools.managers.LocalizationManager: Error getting Localization Schema
2016-11-02 15:19:24,680 [ModalContext] ERROR Studio for Android - org.eclipse.sequoyah.localization.tools.managers.LocalizationManager: Error getting Localization Schema
2016-11-02 15:19:24,680 [ModalContext] ERROR Studio for Android - org.eclipse.sequoyah.localization.tools.managers.LocalizationManager: Error getting Localization Schema
2016-11-02 15:19:24,680 [ModalContext] ERROR Studio for Android - org.eclipse.sequoyah.localization.tools.managers.LocalizationManager: Error getting Localization Schema
2016-11-02 15:19:24,680 [ModalContext] ERROR Studio for Android - org.eclipse.sequoyah.localization.tools.managers.LocalizationManager: Error getting Localization Schema
2016-11-02 15:19:24,680 [ModalContext] ERROR Studio for Android - org.eclipse.sequoyah.localization.tools.managers.LocalizationManager: Error getting Localization Schema
2016-11-02 15:19:24,680 [ModalContext] ERROR Studio for Android - org.eclipse.sequoyah.localization.tools.managers.LocalizationManager: Error getting Localization Schema
2016-11-02 15:19:24,680 [ModalContext] ERROR Studio for Android - org.eclipse.sequoyah.localization.tools.managers.LocalizationManager: Error getting Localization Schema
2016-11-02 15:19:24,680 [ModalContext] ERROR Studio for Android - org.eclipse.sequoyah.localization.tools.managers.LocalizationManager: Error getting Localization Schema
2016-11-02 15:19:24,680 [ModalContext] ERROR Studio for Android - org.eclipse.sequoyah.localization.tools.managers.LocalizationManager: Error getting Localization Schema
2016-11-02 15:19:24,680 [ModalContext] ERROR Studio for Android - org.eclipse.sequoyah.localization.tools.managers.LocalizationManager: Error getting Localization Schema
2016-11-02 15:19:24,680 [ModalContext] ERROR Studio for Android - org.eclipse.sequoyah.localization.tools.managers.LocalizationManager: Error getting Localization Schema
2016-11-02 15:19:24,680 [ModalContext] ERROR Studio for Android - org.eclipse.sequoyah.localization.tools.managers.LocalizationManager: Error getting Localization Schema
2016-11-02 15:19:24,680 [ModalContext] ERROR Studio for Android - org.eclipse.sequoyah.localization.tools.managers.LocalizationManager: Error getting Localization Schema
2016-11-02 15:19:24,680 [ModalContext] ERROR Studio for Android - org.eclipse.sequoyah.localization.tools.managers.LocalizationManager: Error getting Localization Schema
2016-11-02 15:19:24,680 [ModalContext] ERROR Studio for Android - org.eclipse.sequoyah.localization.tools.managers.LocalizationManager: Error getting Localization Schema
2016-11-02 15:19:24,680 [ModalContext] ERROR Studio for Android - org.eclipse.sequoyah.localization.tools.managers.LocalizationManager: Error getting Localization Schema
2016-11-02 15:19:24,680 [ModalContext] ERROR Studio for Android - org.eclipse.sequoyah.localization.tools.managers.LocalizationManager: Error getting Localization Schema
2016-11-02 15:19:24,680 [ModalContext] ERROR Studio for Android - org.eclipse.sequoyah.localization.tools.managers.LocalizationManager: Error getting Localization Schema
2016-11-02 15:19:24,680 [ModalContext] ERROR Studio for Android - org.eclipse.sequoyah.localization.tools.managers.LocalizationManager: Error getting Localization Schema
2016-11-02 15:19:24,680 [ModalContext] ERROR Studio for Android - org.eclipse.sequoyah.localization.tools.managers.LocalizationManager: Error getting Localization Schema
2016-11-02 15:19:24,680 [ModalContext] ERROR Studio for Android - org.eclipse.sequoyah.localization.tools.managers.LocalizationManager: Error getting Localization Schema
2016-11-02 15:19:24,680 [ModalContext] ERROR Studio for Android - org.eclipse.sequoyah.localization.tools.managers.LocalizationManager: Error getting Localization Schema
2016-11-02 15:19:24,680 [ModalContext] ERROR Studio for Android - org.eclipse.sequoyah.localization.tools.managers.LocalizationManager: Error getting Localization Schema
2016-11-02 15:19:24,680 [ModalContext] ERROR Studio for Android - org.eclipse.sequoyah.localization.tools.managers.LocalizationManager: Error getting Localization Schema
2016-11-02 15:19:24,680 [ModalContext] ERROR Studio for Android - org.eclipse.sequoyah.localization.tools.managers.LocalizationManager: Error getting Localization Schema
2016-11-02 15:19:24,680 [ModalContext] ERROR Studio for Android - org.eclipse.sequoyah.localization.tools.managers.LocalizationManager: Error getting Localization Schema
2016-11-02 15:19:24,680 [ModalContext] ERROR Studio for Android - org.eclipse.sequoyah.localization.tools.managers.LocalizationManager: Error getting Localization Schema
2016-11-02 15:19:24,680 [ModalContext] ERROR Studio for Android - org.eclipse.sequoyah.localization.tools.managers.LocalizationManager: Error getting Localization Schema
2016-11-02 15:19:24,680 [ModalContext] ERROR Studio for Android - org.eclipse.sequoyah.localization.tools.managers.LocalizationManager: Error getting Localization Schema
2016-11-02 15:19:24,680 [ModalContext] ERROR Studio for Android - org.eclipse.sequoyah.localization.tools.managers.LocalizationManager: Error getting Localization Schema
2016-11-02 15:19:24,680 [ModalContext] ERROR Studio for Android - org.eclipse.sequoyah.localization.tools.managers.LocalizationManager: Error getting Localization Schema
2016-11-02 15:19:24,680 [ModalContext] ERROR Studio for Android - org.eclipse.sequoyah.localization.tools.managers.LocalizationManager: Error getting Localization Schema
2016-11-02 15:19:24,680 [ModalContext] ERROR Studio for Android - org.eclipse.sequoyah.localization.tools.managers.LocalizationManager: Error getting Localization Schema
2016-11-02 15:19:24,680 [ModalContext] ERROR Studio for Android - org.eclipse.sequoyah.localization.tools.managers.LocalizationManager: Error getting Localization Schema
2016-11-02 15:19:24,681 [ModalContext] ERROR Studio for Android - org.eclipse.sequoyah.localization.tools.managers.LocalizationManager: Error getting Localization Schema
2016-11-02 15:19:24,681 [ModalContext] ERROR Studio for Android - org.eclipse.sequoyah.localization.tools.managers.LocalizationManager: Error getting Localization Schema
2016-11-02 15:19:24,681 [ModalContext] ERROR Studio for Android - org.eclipse.sequoyah.localization.tools.managers.LocalizationManager: Error getting Localization Schema
2016-11-02 15:19:24,681 [ModalContext] ERROR Studio for Android - org.eclipse.sequoyah.localization.tools.managers.LocalizationManager: Error getting Localization Schema
2016-11-02 15:19:24,681 [ModalContext] ERROR Studio for Android - org.eclipse.sequoyah.localization.tools.managers.LocalizationManager: Error getting Localization Schema
2016-11-02 15:19:24,681 [ModalContext] ERROR Studio for Android - org.eclipse.sequoyah.localization.tools.managers.LocalizationManager: Error getting Localization Schema
2016-11-02 15:19:24,681 [ModalContext] ERROR Studio for Android - org.eclipse.sequoyah.localization.tools.managers.LocalizationManager: Error getting Localization Schema
2016-11-02 15:19:24,681 [ModalContext] ERROR Studio for Android - org.eclipse.sequoyah.localization.tools.managers.LocalizationManager: Error getting Localization Schema
2016-11-02 15:19:24,681 [ModalContext] ERROR Studio for Android - org.eclipse.sequoyah.localization.tools.managers.LocalizationManager: Error getting Localization Schema
2016-11-02 15:19:24,681 [ModalContext] ERROR Studio for Android - org.eclipse.sequoyah.localization.tools.managers.LocalizationManager: Error getting Localization Schema
2016-11-02 15:19:24,681 [ModalContext] ERROR Studio for Android - org.eclipse.sequoyah.localization.tools.managers.LocalizationManager: Error getting Localization Schema
2016-11-02 15:19:24,681 [ModalContext] ERROR Studio for Android - org.eclipse.sequoyah.localization.tools.managers.LocalizationManager: Error getting Localization Schema
2016-11-02 15:19:24,681 [ModalContext] ERROR Studio for Android - org.eclipse.sequoyah.localization.tools.managers.LocalizationManager: Error getting Localization Schema
2016-11-02 15:19:24,681 [ModalContext] ERROR Studio for Android - org.eclipse.sequoyah.localization.tools.managers.LocalizationManager: Error getting Localization Schema
2016-11-02 15:19:24,681 [ModalContext] ERROR Studio for Android - org.eclipse.sequoyah.localization.tools.managers.LocalizationManager: Error getting Localization Schema
2016-11-02 15:19:24,681 [ModalContext] ERROR Studio for Android - org.eclipse.sequoyah.localization.tools.managers.LocalizationManager: Error getting Localization Schema
2016-11-02 15:19:24,681 [ModalContext] ERROR Studio for Android - org.eclipse.sequoyah.localization.tools.managers.LocalizationManager: Error getting Localization Schema
2016-11-02 15:19:24,681 [ModalContext] ERROR Studio for Android - org.eclipse.sequoyah.localization.tools.managers.LocalizationManager: Error getting Localization Schema
2016-11-02 15:19:24,681 [ModalContext] ERROR Studio for Android - org.eclipse.sequoyah.localization.tools.managers.LocalizationManager: Error getting Localization Schema
2016-11-02 15:19:24,681 [ModalContext] ERROR Studio for Android - org.eclipse.sequoyah.localization.tools.managers.LocalizationManager: Error getting Localization Schema
2016-11-02 15:19:24,681 [ModalContext] ERROR Studio for Android - org.eclipse.sequoyah.localization.tools.managers.LocalizationManager: Error getting Localization Schema
2016-11-02 15:19:24,681 [ModalContext] ERROR Studio for Android - org.eclipse.sequoyah.localization.tools.managers.LocalizationManager: Error getting Localization Schema
2016-11-02 15:19:24,681 [ModalContext] ERROR Studio for Android - org.eclipse.sequoyah.localization.tools.managers.LocalizationManager: Error getting Localization Schema
2016-11-02 15:19:24,681 [ModalContext] ERROR Studio for Android - org.eclipse.sequoyah.localization.tools.managers.LocalizationManager: Error getting Localization Schema
2016-11-02 15:19:24,681 [ModalContext] ERROR Studio for Android - org.eclipse.sequoyah.localization.tools.managers.LocalizationManager: Error getting Localization Schema
2016-11-02 15:19:24,681 [ModalContext] ERROR Studio for Android - org.eclipse.sequoyah.localization.tools.managers.LocalizationManager: Error getting Localization Schema
2016-11-02 15:19:24,681 [ModalContext] ERROR Studio for Android - org.eclipse.sequoyah.localization.tools.managers.LocalizationManager: Error getting Localization Schema
2016-11-02 15:19:24,681 [ModalContext] ERROR Studio for Android - org.eclipse.sequoyah.localization.tools.managers.LocalizationManager: Error getting Localization Schema
2016-11-02 15:19:24,681 [ModalContext] ERROR Studio for Android - org.eclipse.sequoyah.localization.tools.managers.LocalizationManager: Error getting Localization Schema
2016-11-02 15:19:24,681 [ModalContext] ERROR Studio for Android - org.eclipse.sequoyah.localization.tools.managers.LocalizationManager: Error getting Localization Schema
2016-11-02 15:19:24,681 [ModalContext] ERROR Studio for Android - org.eclipse.sequoyah.localization.tools.managers.LocalizationManager: Error getting Localization Schema
2016-11-02 15:19:24,681 [ModalContext] ERROR Studio for Android - org.eclipse.sequoyah.localization.tools.managers.LocalizationManager: Error getting Localization Schema
2016-11-02 15:19:24,681 [ModalContext] ERROR Studio for Android - org.eclipse.sequoyah.localization.tools.managers.LocalizationManager: Error getting Localization Schema
2016-11-02 15:19:24,681 [ModalContext] ERROR Studio for Android - org.eclipse.sequoyah.localization.tools.managers.LocalizationManager: Error getting Localization Schema
2016-11-02 15:19:24,681 [ModalContext] ERROR Studio for Android - org.eclipse.sequoyah.localization.tools.managers.LocalizationManager: Error getting Localization Schema
2016-11-02 15:19:24,681 [ModalContext] ERROR Studio for Android - org.eclipse.sequoyah.localization.tools.managers.LocalizationManager: Error getting Localization Schema
2016-11-02 15:19:24,681 [ModalContext] ERROR Studio for Android - org.eclipse.sequoyah.localization.tools.managers.LocalizationManager: Error getting Localization Schema
2016-11-02 15:19:24,681 [ModalContext] ERROR Studio for Android - org.eclipse.sequoyah.localization.tools.managers.LocalizationManager: Error getting Localization Schema
2016-11-02 15:19:24,681 [ModalContext] ERROR Studio for Android - org.eclipse.sequoyah.localization.tools.managers.LocalizationManager: Error getting Localization Schema
2016-11-02 15:19:24,681 [ModalContext] ERROR Studio for Android - org.eclipse.sequoyah.localization.tools.managers.LocalizationManager: Error getting Localization Schema
2016-11-02 15:19:24,681 [ModalContext] ERROR Studio for Android - org.eclipse.sequoyah.localization.tools.managers.LocalizationManager: Error getting Localization Schema
2016-11-02 15:19:24,681 [ModalContext] ERROR Studio for Android - org.eclipse.sequoyah.localization.tools.managers.LocalizationManager: Error getting Localization Schema
2016-11-02 15:19:24,681 [ModalContext] ERROR Studio for Android - org.eclipse.sequoyah.localization.tools.managers.LocalizationManager: Error getting Localization Schema
2016-11-02 15:19:24,681 [ModalContext] ERROR Studio for Android - org.eclipse.sequoyah.localization.tools.managers.LocalizationManager: Error getting Localization Schema
2016-11-02 15:19:24,681 [ModalContext] ERROR Studio for Android - org.eclipse.sequoyah.localization.tools.managers.LocalizationManager: Error getting Localization Schema
2016-11-02 15:19:24,681 [ModalContext] ERROR Studio for Android - org.eclipse.sequoyah.localization.tools.managers.LocalizationManager: Error getting Localization Schema
2016-11-02 15:19:24,681 [ModalContext] ERROR Studio for Android - org.eclipse.sequoyah.localization.tools.managers.LocalizationManager: Error getting Localization Schema
2016-11-02 15:19:24,681 [ModalContext] ERROR Studio for Android - org.eclipse.sequoyah.localization.tools.managers.LocalizationManager: Error getting Localization Schema
2016-11-02 15:19:24,681 [ModalContext] ERROR Studio for Android - org.eclipse.sequoyah.localization.tools.managers.LocalizationManager: Error getting Localization Schema
2016-11-02 15:19:24,681 [ModalContext] ERROR Studio for Android - org.eclipse.sequoyah.localization.tools.managers.LocalizationManager: Error getting Localization Schema
2016-11-02 15:19:24,681 [ModalContext] ERROR Studio for Android - org.eclipse.sequoyah.localization.tools.managers.LocalizationManager: Error getting Localization Schema
2016-11-02 15:19:24,681 [ModalContext] ERROR Studio for Android - org.eclipse.sequoyah.localization.tools.managers.LocalizationManager: Error getting Localization Schema
2016-11-02 15:19:24,681 [ModalContext] ERROR Studio for Android - org.eclipse.sequoyah.localization.tools.managers.LocalizationManager: Error getting Localization Schema
2016-11-02 15:19:24,681 [ModalContext] ERROR Studio for Android - org.eclipse.sequoyah.localization.tools.managers.LocalizationManager: Error getting Localization Schema
2016-11-02 15:19:24,681 [ModalContext] ERROR Studio for Android - org.eclipse.sequoyah.localization.tools.managers.LocalizationManager: Error getting Localization Schema
2016-11-02 15:19:24,681 [ModalContext] ERROR Studio for Android - org.eclipse.sequoyah.localization.tools.managers.LocalizationManager: Error getting Localization Schema
2016-11-02 15:19:24,681 [ModalContext] ERROR Studio for Android - org.eclipse.sequoyah.localization.tools.managers.LocalizationManager: Error getting Localization Schema
2016-11-02 15:19:24,682 [ModalContext] ERROR Studio for Android - org.eclipse.sequoyah.localization.tools.managers.LocalizationManager: Error getting Localization Schema
2016-11-02 15:19:24,682 [ModalContext] ERROR Studio for Android - org.eclipse.sequoyah.localization.tools.managers.LocalizationManager: Error getting Localization Schema
2016-11-02 15:19:24,682 [ModalContext] ERROR Studio for Android - org.eclipse.sequoyah.localization.tools.managers.LocalizationManager: Error getting Localization Schema
2016-11-02 15:19:24,682 [ModalContext] ERROR Studio for Android - org.eclipse.sequoyah.localization.tools.managers.LocalizationManager: Error getting Localization Schema
2016-11-02 15:19:24,682 [ModalContext] ERROR Studio for Android - org.eclipse.sequoyah.localization.tools.managers.LocalizationManager: Error getting Localization Schema
2016-11-02 15:19:24,682 [ModalContext] ERROR Studio for Android - org.eclipse.sequoyah.localization.tools.managers.LocalizationManager: Error getting Localization Schema
2016-11-02 15:19:24,682 [ModalContext] ERROR Studio for Android - org.eclipse.sequoyah.localization.tools.managers.LocalizationManager: Error getting Localization Schema
2016-11-02 15:19:24,682 [ModalContext] ERROR Studio for Android - org.eclipse.sequoyah.localization.tools.managers.LocalizationManager: Error getting Localization Schema
2016-11-02 15:19:24,682 [ModalContext] ERROR Studio for Android - org.eclipse.sequoyah.localization.tools.managers.LocalizationManager: Error getting Localization Schema
2016-11-02 15:19:24,682 [ModalContext] ERROR Studio for Android - org.eclipse.sequoyah.localization.tools.managers.LocalizationManager: Error getting Localization Schema
2016-11-02 15:19:24,682 [ModalContext] ERROR Studio for Android - org.eclipse.sequoyah.localization.tools.managers.LocalizationManager: Error getting Localization Schema
2016-11-02 15:19:24,682 [ModalContext] ERROR Studio for Android - org.eclipse.sequoyah.localization.tools.managers.LocalizationManager: Error getting Localization Schema
2016-11-02 15:19:24,682 [ModalContext] ERROR Studio for Android - org.eclipse.sequoyah.localization.tools.managers.LocalizationManager: Error getting Localization Schema
2016-11-02 15:19:24,682 [ModalContext] ERROR Studio for Android - org.eclipse.sequoyah.localization.tools.managers.LocalizationManager: Error getting Localization Schema
2016-11-02 15:19:24,682 [ModalContext] ERROR Studio for Android - org.eclipse.sequoyah.localization.tools.managers.LocalizationManager: Error getting Localization Schema
2016-11-02 15:19:24,682 [ModalContext] ERROR Studio for Android - org.eclipse.sequoyah.localization.tools.managers.LocalizationManager: Error getting Localization Schema
2016-11-02 15:19:24,682 [ModalContext] ERROR Studio for Android - org.eclipse.sequoyah.localization.tools.managers.LocalizationManager: Error getting Localization Schema
2016-11-02 15:19:24,682 [ModalContext] ERROR Studio for Android - org.eclipse.sequoyah.localization.tools.managers.LocalizationManager: Error getting Localization Schema
2016-11-02 15:19:24,682 [ModalContext] ERROR Studio for Android - org.eclipse.sequoyah.localization.tools.managers.LocalizationManager: Error getting Localization Schema
2016-11-02 15:19:24,682 [ModalContext] ERROR Studio for Android - org.eclipse.sequoyah.localization.tools.managers.LocalizationManager: Error getting Localization Schema
2016-11-02 15:19:24,682 [ModalContext] ERROR Studio for Android - org.eclipse.sequoyah.localization.tools.managers.LocalizationManager: Error getting Localization Schema
2016-11-02 15:19:24,682 [ModalContext] ERROR Studio for Android - org.eclipse.sequoyah.localization.tools.managers.LocalizationManager: Error getting Localization Schema
2016-11-02 15:19:24,682 [ModalContext] ERROR Studio for Android - org.eclipse.sequoyah.localization.tools.managers.LocalizationManager: Error getting Localization Schema
2016-11-02 15:19:24,682 [ModalContext] ERROR Studio for Android - org.eclipse.sequoyah.localization.tools.managers.LocalizationManager: Error getting Localization Schema
2016-11-02 15:19:24,682 [ModalContext] ERROR Studio for Android - org.eclipse.sequoyah.localization.tools.managers.LocalizationManager: Error getting Localization Schema
2016-11-02 15:19:24,682 [ModalContext] ERROR Studio for Android - org.eclipse.sequoyah.localization.tools.managers.LocalizationManager: Error getting Localization Schema
2016-11-02 15:19:24,682 [ModalContext] ERROR Studio for Android - org.eclipse.sequoyah.localization.tools.managers.LocalizationManager: Error getting Localization Schema
2016-11-02 15:20:03,809 [main] DEBUG class java.lang.Class - Starting Eclipse Andmore Database Core Plugin...
2016-11-02 15:20:03,834 [main] DEBUG Studio for Android - JDBC Driver Location:bundleentry://69.fwk969014795/res/androidjdbc.jar JDBC Driver getBundle().getLocation():reference:file:plugins/org.eclipse.andmore.android.common_0.5.0.201605181018.jar
2016-11-02 15:20:03,834 [main] DEBUG Studio for Android - JDBC Driver Path:D:\eclipse\configuration\org.eclipse.osgi\69\0\.cp\res\androidjdbc.jar
2016-11-02 15:20:03,834 [main] DEBUG Studio for Android - JDBC Driver Location:bundleentry://69.fwk969014795/res/androidjdbc.jar JDBC Driver getBundle().getLocation():reference:file:plugins/org.eclipse.andmore.android.common_0.5.0.201605181018.jar
2016-11-02 15:20:03,834 [main] DEBUG Studio for Android - JDBC Driver Path:D:\eclipse\configuration\org.eclipse.osgi\69\0\.cp\res\androidjdbc.jar
2016-11-02 15:20:03,846 [main] INFO  Studio for Android - Created a JDBC driver instance at Data Tools.
2016-11-02 15:20:03,851 [main] DEBUG class java.lang.Class - Eclipse Andmore Database Core Plugin started.
2016-11-02 15:20:03,852 [main] DEBUG class java.lang.Class - Starting Eclipse Andmore Database Devices Support Plugin...
2016-11-02 15:20:03,853 [main] DEBUG class java.lang.Class - Eclipse Andmore Database Devices Support Plugin started...
2016-11-02 15:20:04,639 [Framework stop] DEBUG Studio for Android - org.eclipse.sequoyah.device.service.start.StartServicePlugin-SHUTDOWN
2016-11-02 15:20:04,650 [Framework stop] DEBUG Studio for Android - org.eclipse.sequoyah.device.framework.ui.DeviceUIPlugin-SHUTDOWN
2016-11-02 15:20:04,650 [Framework stop] DEBUG Studio for Android - org.eclipse.sequoyah.device.service.stop.StopServicePlugin-SHUTDOWN
2016-11-02 15:20:04,650 [Framework stop] DEBUG Studio for Android - org.eclipse.sequoyah.device.framework.DevicePlugin-SHUTDOWN
